<?xml version="1.0" encoding="UTF-8"?>
<testsuite name="inflearn.springmvc2.controller.ValidationControllerTest" tests="1" skipped="0" failures="0" errors="0" timestamp="2022-06-05T21:05:52" hostname="Johns-MacBook-Pro.local" time="0.459">
  <properties/>
  <testcase name="아이템 리스트 조회 테스트" classname="inflearn.springmvc2.controller.ValidationControllerTest" time="0.459"/>
  <system-out><![CDATA[06:05:45.192 [Test worker] DEBUG org.springframework.test.context.BootstrapUtils - Instantiating CacheAwareContextLoaderDelegate from class [org.springframework.test.context.cache.DefaultCacheAwareContextLoaderDelegate]
06:05:45.203 [Test worker] DEBUG org.springframework.test.context.BootstrapUtils - Instantiating BootstrapContext using constructor [public org.springframework.test.context.support.DefaultBootstrapContext(java.lang.Class,org.springframework.test.context.CacheAwareContextLoaderDelegate)]
06:05:45.258 [Test worker] DEBUG org.springframework.test.context.BootstrapUtils - Instantiating TestContextBootstrapper for test class [inflearn.springmvc2.controller.ValidationControllerTest] from class [org.springframework.boot.test.context.SpringBootTestContextBootstrapper]
06:05:45.277 [Test worker] INFO org.springframework.boot.test.context.SpringBootTestContextBootstrapper - Neither @ContextConfiguration nor @ContextHierarchy found for test class [inflearn.springmvc2.controller.ValidationControllerTest], using SpringBootContextLoader
06:05:45.305 [Test worker] DEBUG org.springframework.test.context.support.AbstractContextLoader - Did not detect default resource location for test class [inflearn.springmvc2.controller.ValidationControllerTest]: class path resource [inflearn/springmvc2/controller/ValidationControllerTest-context.xml] does not exist
06:05:45.315 [Test worker] DEBUG org.springframework.test.context.support.AbstractContextLoader - Did not detect default resource location for test class [inflearn.springmvc2.controller.ValidationControllerTest]: class path resource [inflearn/springmvc2/controller/ValidationControllerTestContext.groovy] does not exist
06:05:45.316 [Test worker] INFO org.springframework.test.context.support.AbstractContextLoader - Could not detect default resource locations for test class [inflearn.springmvc2.controller.ValidationControllerTest]: no resource found for suffixes {-context.xml, Context.groovy}.
06:05:45.322 [Test worker] INFO org.springframework.test.context.support.AnnotationConfigContextLoaderUtils - Could not detect default configuration classes for test class [inflearn.springmvc2.controller.ValidationControllerTest]: ValidationControllerTest does not declare any static, non-private, non-final, nested classes annotated with @Configuration.
06:05:45.438 [Test worker] DEBUG org.springframework.test.context.support.ActiveProfilesUtils - Could not find an 'annotation declaring class' for annotation type [org.springframework.test.context.ActiveProfiles] and class [inflearn.springmvc2.controller.ValidationControllerTest]
06:05:45.525 [Test worker] DEBUG org.springframework.context.annotation.ClassPathScanningCandidateComponentProvider - Identified candidate component class: file [/Users/johncrinkey/devStudy/study_workspace/Inflearn_Spring_Lectures/spring_mvc2/build/classes/java/main/inflearn/springmvc2/SpringMvc2Application.class]
06:05:45.534 [Test worker] INFO org.springframework.boot.test.context.SpringBootTestContextBootstrapper - Found @SpringBootConfiguration inflearn.springmvc2.SpringMvc2Application for test class inflearn.springmvc2.controller.ValidationControllerTest
06:05:45.637 [Test worker] DEBUG org.springframework.boot.test.context.SpringBootTestContextBootstrapper - @TestExecutionListeners is not present for class [inflearn.springmvc2.controller.ValidationControllerTest]: using defaults.
06:05:45.638 [Test worker] INFO org.springframework.boot.test.context.SpringBootTestContextBootstrapper - Loaded default TestExecutionListener class names from location [META-INF/spring.factories]: [org.springframework.boot.test.autoconfigure.restdocs.RestDocsTestExecutionListener, org.springframework.boot.test.autoconfigure.web.client.MockRestServiceServerResetTestExecutionListener, org.springframework.boot.test.autoconfigure.web.servlet.MockMvcPrintOnlyOnFailureTestExecutionListener, org.springframework.boot.test.autoconfigure.web.servlet.WebDriverTestExecutionListener, org.springframework.boot.test.autoconfigure.webservices.client.MockWebServiceServerTestExecutionListener, org.springframework.boot.test.mock.mockito.MockitoTestExecutionListener, org.springframework.boot.test.mock.mockito.ResetMocksTestExecutionListener, org.springframework.test.context.web.ServletTestExecutionListener, org.springframework.test.context.support.DirtiesContextBeforeModesTestExecutionListener, org.springframework.test.context.event.ApplicationEventsTestExecutionListener, org.springframework.test.context.support.DependencyInjectionTestExecutionListener, org.springframework.test.context.support.DirtiesContextTestExecutionListener, org.springframework.test.context.transaction.TransactionalTestExecutionListener, org.springframework.test.context.jdbc.SqlScriptsTestExecutionListener, org.springframework.test.context.event.EventPublishingTestExecutionListener]
06:05:45.699 [Test worker] INFO org.springframework.boot.test.context.SpringBootTestContextBootstrapper - Using TestExecutionListeners: [org.springframework.test.context.web.ServletTestExecutionListener@4593ff34, org.springframework.test.context.support.DirtiesContextBeforeModesTestExecutionListener@37d3d232, org.springframework.test.context.event.ApplicationEventsTestExecutionListener@30c0ccff, org.springframework.boot.test.mock.mockito.MockitoTestExecutionListener@581d969c, org.springframework.boot.test.autoconfigure.SpringBootDependencyInjectionTestExecutionListener@22db8f4, org.springframework.test.context.support.DirtiesContextTestExecutionListener@2b46a8c1, org.springframework.test.context.transaction.TransactionalTestExecutionListener@1d572e62, org.springframework.test.context.jdbc.SqlScriptsTestExecutionListener@29caf222, org.springframework.test.context.event.EventPublishingTestExecutionListener@46cf05f7, org.springframework.boot.test.autoconfigure.restdocs.RestDocsTestExecutionListener@5851bd4f, org.springframework.boot.test.autoconfigure.web.client.MockRestServiceServerResetTestExecutionListener@7cd1ac19, org.springframework.boot.test.autoconfigure.web.servlet.MockMvcPrintOnlyOnFailureTestExecutionListener@2f40a43, org.springframework.boot.test.autoconfigure.web.servlet.WebDriverTestExecutionListener@3caa4757, org.springframework.boot.test.autoconfigure.webservices.client.MockWebServiceServerTestExecutionListener@69c43e48, org.springframework.boot.test.mock.mockito.ResetMocksTestExecutionListener@1804f60d]
06:05:45.708 [Test worker] DEBUG org.springframework.test.context.support.AbstractDirtiesContextTestExecutionListener - Before test class: context [DefaultTestContext@320e400 testClass = ValidationControllerTest, testInstance = [null], testMethod = [null], testException = [null], mergedContextConfiguration = [WebMergedContextConfiguration@5167268 testClass = ValidationControllerTest, locations = '{}', classes = '{class inflearn.springmvc2.SpringMvc2Application}', contextInitializerClasses = '[]', activeProfiles = '{}', propertySourceLocations = '{}', propertySourceProperties = '{org.springframework.boot.test.context.SpringBootTestContextBootstrapper=true}', contextCustomizers = set[org.springframework.boot.test.autoconfigure.actuate.metrics.MetricsExportContextCustomizerFactory$DisableMetricExportContextCustomizer@4351c8c3, org.springframework.boot.test.autoconfigure.properties.PropertyMappingContextCustomizer@4b3fa0b3, org.springframework.boot.test.autoconfigure.web.servlet.WebDriverContextCustomizerFactory$Customizer@549949be, [ImportsContextCustomizer@1cfd1875 key = [org.springframework.boot.test.autoconfigure.web.servlet.MockMvcAutoConfiguration, org.springframework.boot.test.autoconfigure.web.servlet.MockMvcWebClientAutoConfiguration, org.springframework.boot.test.autoconfigure.web.servlet.MockMvcWebDriverAutoConfiguration, org.springframework.boot.autoconfigure.security.oauth2.client.servlet.OAuth2ClientAutoConfiguration, org.springframework.boot.autoconfigure.security.oauth2.resource.servlet.OAuth2ResourceServerAutoConfiguration, org.springframework.boot.autoconfigure.security.servlet.SecurityAutoConfiguration, org.springframework.boot.autoconfigure.security.servlet.SecurityFilterAutoConfiguration, org.springframework.boot.autoconfigure.security.servlet.UserDetailsServiceAutoConfiguration, org.springframework.boot.test.autoconfigure.web.servlet.MockMvcSecurityConfiguration, org.springframework.boot.test.autoconfigure.web.reactive.WebTestClientAutoConfiguration]], org.springframework.boot.test.context.filter.ExcludeFilterContextCustomizer@34997338, org.springframework.boot.test.json.DuplicateJsonObjectContextCustomizerFactory$DuplicateJsonObjectContextCustomizer@163d04ff, org.springframework.boot.test.mock.mockito.MockitoContextCustomizer@0, org.springframework.boot.test.web.client.TestRestTemplateContextCustomizer@79145d5a, org.springframework.boot.test.context.SpringBootTestArgs@1, org.springframework.boot.test.context.SpringBootTestWebEnvironment@24c1b2d2], resourceBasePath = 'src/main/webapp', contextLoader = 'org.springframework.boot.test.context.SpringBootContextLoader', parent = [null]], attributes = map['org.springframework.test.context.web.ServletTestExecutionListener.activateListener' -> true]], class annotated with @DirtiesContext [false] with mode [null].

  .   ____          _            __ _ _
 /\\ / ___'_ __ _ _(_)_ __  __ _ \ \ \ \
( ( )\___ | '_ | '_| | '_ \/ _` | \ \ \ \
 \\/  ___)| |_)| | | | | || (_| |  ) ) ) )
  '  |____| .__|_| |_|_| |_\__, | / / / /
 =========|_|==============|___/=/_/_/_/
 :: Spring Boot ::                (v2.7.0)

2022-06-06 06:05:46.357  INFO 7651 --- [    Test worker] i.s.controller.ValidationControllerTest  : Starting ValidationControllerTest using Java 11.0.14 on Johns-MacBook-Pro.local with PID 7651 (started by johncrinkey in /Users/johncrinkey/devStudy/study_workspace/Inflearn_Spring_Lectures/spring_mvc2)
2022-06-06 06:05:46.361  INFO 7651 --- [    Test worker] i.s.controller.ValidationControllerTest  : No active profile set, falling back to 1 default profile: "default"
2022-06-06 06:05:47.741  INFO 7651 --- [    Test worker] .s.d.r.c.RepositoryConfigurationDelegate : Bootstrapping Spring Data JPA repositories in DEFAULT mode.
2022-06-06 06:05:47.843  INFO 7651 --- [    Test worker] .s.d.r.c.RepositoryConfigurationDelegate : Finished Spring Data repository scanning in 92 ms. Found 1 JPA repository interfaces.
2022-06-06 06:05:48.841  INFO 7651 --- [    Test worker] o.hibernate.jpa.internal.util.LogHelper  : HHH000204: Processing PersistenceUnitInfo [name: default]
2022-06-06 06:05:48.896  INFO 7651 --- [    Test worker] org.hibernate.Version                    : HHH000412: Hibernate ORM core version 5.6.9.Final
2022-06-06 06:05:49.088  INFO 7651 --- [    Test worker] o.hibernate.annotations.common.Version   : HCANN000001: Hibernate Commons Annotations {5.1.2.Final}
2022-06-06 06:05:49.206  INFO 7651 --- [    Test worker] com.zaxxer.hikari.HikariDataSource       : HikariPool-1 - Starting...
2022-06-06 06:05:49.737  INFO 7651 --- [    Test worker] com.zaxxer.hikari.HikariDataSource       : HikariPool-1 - Start completed.
2022-06-06 06:05:49.769  INFO 7651 --- [    Test worker] org.hibernate.dialect.Dialect            : HHH000400: Using dialect: org.hibernate.dialect.MySQL8Dialect
2022-06-06 06:05:50.803  INFO 7651 --- [    Test worker] o.h.e.t.j.p.i.JtaPlatformInitiator       : HHH000490: Using JtaPlatform implementation: [org.hibernate.engine.transaction.jta.platform.internal.NoJtaPlatform]
2022-06-06 06:05:50.812  INFO 7651 --- [    Test worker] j.LocalContainerEntityManagerFactoryBean : Initialized JPA EntityManagerFactory for persistence unit 'default'
2022-06-06 06:05:51.698  WARN 7651 --- [    Test worker] JpaBaseConfiguration$JpaWebConfiguration : spring.jpa.open-in-view is enabled by default. Therefore, database queries may be performed during view rendering. Explicitly configure spring.jpa.open-in-view to disable this warning
2022-06-06 06:05:52.454  WARN 7651 --- [    Test worker] ion$DefaultTemplateResolverConfiguration : Cannot find template location: classpath:/templates/ (please add some templates or check your Thymeleaf configuration)
2022-06-06 06:05:52.679  INFO 7651 --- [    Test worker] o.s.b.t.m.w.SpringBootMockServletContext : Initializing Spring TestDispatcherServlet ''
2022-06-06 06:05:52.679  INFO 7651 --- [    Test worker] o.s.t.web.servlet.TestDispatcherServlet  : Initializing Servlet ''
2022-06-06 06:05:52.680  INFO 7651 --- [    Test worker] o.s.t.web.servlet.TestDispatcherServlet  : Completed initialization in 1 ms
2022-06-06 06:05:52.708  INFO 7651 --- [    Test worker] i.s.controller.ValidationControllerTest  : Started ValidationControllerTest in 6.95 seconds (JVM running for 8.875)
2022-06-06 06:05:52.875  INFO 7651 --- [    Test worker] inflearn.springmvc2.web.LogFilter        : log filter doFilter
2022-06-06 06:05:52.876  INFO 7651 --- [    Test worker] inflearn.springmvc2.web.LogFilter        : REQUEST [cfcb37cf-43b1-466e-a68f-68b079f61f0a][/v1/items]
Hibernate: 
    select
        item0_.id as id1_0_,
        item0_.itemName as itemname2_0_,
        item0_.price as price3_0_,
        item0_.quantity as quantity4_0_ 
    from
        Item item0_
2022-06-06 06:05:53.176  INFO 7651 --- [    Test worker] inflearn.springmvc2.web.LogFilter        : RESPONSE [cfcb37cf-43b1-466e-a68f-68b079f61f0a][/v1/items]

MockHttpServletRequest:
      HTTP Method = GET
      Request URI = /v1/items
       Parameters = {}
          Headers = []
             Body = null
    Session Attrs = {}

Handler:
             Type = inflearn.springmvc2.controller.ValidationController
           Method = inflearn.springmvc2.controller.ValidationController#getItems()

Async:
    Async started = false
     Async result = null

Resolved Exception:
             Type = null

ModelAndView:
        View name = null
             View = null
            Model = null

FlashMap:
       Attributes = null

MockHttpServletResponse:
           Status = 200
    Error message = null
          Headers = [Content-Type:"application/json"]
     Content type = application/json
             Body = [{"id":1,"itemName":null,"price":0,"quantity":0},{"id":2,"itemName":"test","price":1200,"quantity":1500},{"id":3,"itemName":"test","price":800,"quantity":1500}]
    Forwarded URL = null
   Redirected URL = null
          Cookies = []
]]></system-out>
  <system-err><![CDATA[]]></system-err>
</testsuite>
